[2023-05-12T16:21:50.666+0000] {processor.py:153} INFO - Started process (PID=177) to work on /opt/airflow/dags/pipeline.py
[2023-05-12T16:21:50.670+0000] {processor.py:743} INFO - Processing file /opt/airflow/dags/pipeline.py for tasks to queue
[2023-05-12T16:21:50.672+0000] {logging_mixin.py:137} INFO - [2023-05-12T16:21:50.672+0000] {dagbag.py:532} INFO - Filling up the DagBag from /opt/airflow/dags/pipeline.py
[2023-05-12T16:21:51.093+0000] {processor.py:753} INFO - DAG(s) dict_keys(['flickr_pipeline']) retrieved from /opt/airflow/dags/pipeline.py
[2023-05-12T16:21:51.376+0000] {logging_mixin.py:137} INFO - [2023-05-12T16:21:51.376+0000] {manager.py:504} INFO - Created Permission View: can delete on DAG:flickr_pipeline
[2023-05-12T16:21:51.387+0000] {logging_mixin.py:137} INFO - [2023-05-12T16:21:51.387+0000] {manager.py:504} INFO - Created Permission View: can edit on DAG:flickr_pipeline
[2023-05-12T16:21:51.395+0000] {logging_mixin.py:137} INFO - [2023-05-12T16:21:51.395+0000] {manager.py:504} INFO - Created Permission View: can read on DAG:flickr_pipeline
[2023-05-12T16:21:51.398+0000] {logging_mixin.py:137} INFO - [2023-05-12T16:21:51.397+0000] {dag.py:2705} INFO - Sync 1 DAGs
[2023-05-12T16:21:51.411+0000] {logging_mixin.py:137} INFO - [2023-05-12T16:21:51.411+0000] {dag.py:2726} INFO - Creating ORM DAG for flickr_pipeline
[2023-05-12T16:21:51.424+0000] {logging_mixin.py:137} INFO - [2023-05-12T16:21:51.424+0000] {dag.py:3456} INFO - Setting next_dagrun for flickr_pipeline to 2023-04-28T16:21:51.424252+00:00, run_after=2023-05-12T16:21:51.424252+00:00
[2023-05-12T16:21:51.444+0000] {processor.py:175} INFO - Processing /opt/airflow/dags/pipeline.py took 0.784 seconds
[2023-05-12T16:22:21.712+0000] {processor.py:153} INFO - Started process (PID=202) to work on /opt/airflow/dags/pipeline.py
[2023-05-12T16:22:21.714+0000] {processor.py:743} INFO - Processing file /opt/airflow/dags/pipeline.py for tasks to queue
[2023-05-12T16:22:21.716+0000] {logging_mixin.py:137} INFO - [2023-05-12T16:22:21.716+0000] {dagbag.py:532} INFO - Filling up the DagBag from /opt/airflow/dags/pipeline.py
[2023-05-12T16:22:22.109+0000] {processor.py:753} INFO - DAG(s) dict_keys(['flickr_pipeline']) retrieved from /opt/airflow/dags/pipeline.py
[2023-05-12T16:22:22.136+0000] {logging_mixin.py:137} INFO - [2023-05-12T16:22:22.136+0000] {dag.py:2705} INFO - Sync 1 DAGs
[2023-05-12T16:22:22.159+0000] {logging_mixin.py:137} INFO - [2023-05-12T16:22:22.159+0000] {dag.py:3456} INFO - Setting next_dagrun for flickr_pipeline to 2023-04-28T16:22:22.159326+00:00, run_after=2023-05-12T16:22:22.159326+00:00
[2023-05-12T16:22:22.176+0000] {processor.py:175} INFO - Processing /opt/airflow/dags/pipeline.py took 0.469 seconds
[2023-05-12T16:22:52.332+0000] {processor.py:153} INFO - Started process (PID=227) to work on /opt/airflow/dags/pipeline.py
[2023-05-12T16:22:52.343+0000] {processor.py:743} INFO - Processing file /opt/airflow/dags/pipeline.py for tasks to queue
[2023-05-12T16:22:52.377+0000] {logging_mixin.py:137} INFO - [2023-05-12T16:22:52.376+0000] {dagbag.py:532} INFO - Filling up the DagBag from /opt/airflow/dags/pipeline.py
[2023-05-12T16:22:52.940+0000] {processor.py:753} INFO - DAG(s) dict_keys(['flickr_pipeline']) retrieved from /opt/airflow/dags/pipeline.py
[2023-05-12T16:22:52.971+0000] {logging_mixin.py:137} INFO - [2023-05-12T16:22:52.970+0000] {dag.py:2705} INFO - Sync 1 DAGs
[2023-05-12T16:22:53.000+0000] {logging_mixin.py:137} INFO - [2023-05-12T16:22:53.000+0000] {dag.py:3456} INFO - Setting next_dagrun for flickr_pipeline to 2023-04-28T16:22:53.000488+00:00, run_after=2023-05-12T16:22:53.000488+00:00
[2023-05-12T16:22:53.023+0000] {processor.py:175} INFO - Processing /opt/airflow/dags/pipeline.py took 0.696 seconds
[2023-05-12T16:23:23.202+0000] {processor.py:153} INFO - Started process (PID=252) to work on /opt/airflow/dags/pipeline.py
[2023-05-12T16:23:23.218+0000] {processor.py:743} INFO - Processing file /opt/airflow/dags/pipeline.py for tasks to queue
[2023-05-12T16:23:23.254+0000] {logging_mixin.py:137} INFO - [2023-05-12T16:23:23.254+0000] {dagbag.py:532} INFO - Filling up the DagBag from /opt/airflow/dags/pipeline.py
[2023-05-12T16:23:23.820+0000] {processor.py:753} INFO - DAG(s) dict_keys(['flickr_pipeline']) retrieved from /opt/airflow/dags/pipeline.py
[2023-05-12T16:23:23.858+0000] {logging_mixin.py:137} INFO - [2023-05-12T16:23:23.857+0000] {dag.py:2705} INFO - Sync 1 DAGs
[2023-05-12T16:23:23.886+0000] {logging_mixin.py:137} INFO - [2023-05-12T16:23:23.886+0000] {dag.py:3456} INFO - Setting next_dagrun for flickr_pipeline to 2023-04-28T16:23:23.885923+00:00, run_after=2023-05-12T16:23:23.885923+00:00
[2023-05-12T16:23:23.916+0000] {processor.py:175} INFO - Processing /opt/airflow/dags/pipeline.py took 0.718 seconds
[2023-05-12T16:23:54.687+0000] {processor.py:153} INFO - Started process (PID=277) to work on /opt/airflow/dags/pipeline.py
[2023-05-12T16:23:54.690+0000] {processor.py:743} INFO - Processing file /opt/airflow/dags/pipeline.py for tasks to queue
[2023-05-12T16:23:54.693+0000] {logging_mixin.py:137} INFO - [2023-05-12T16:23:54.693+0000] {dagbag.py:532} INFO - Filling up the DagBag from /opt/airflow/dags/pipeline.py
[2023-05-12T16:23:55.129+0000] {processor.py:753} INFO - DAG(s) dict_keys(['flickr_pipeline']) retrieved from /opt/airflow/dags/pipeline.py
[2023-05-12T16:23:55.159+0000] {logging_mixin.py:137} INFO - [2023-05-12T16:23:55.159+0000] {dag.py:2705} INFO - Sync 1 DAGs
[2023-05-12T16:23:55.187+0000] {logging_mixin.py:137} INFO - [2023-05-12T16:23:55.187+0000] {dag.py:3456} INFO - Setting next_dagrun for flickr_pipeline to 2023-04-28T16:23:55.186898+00:00, run_after=2023-05-12T16:23:55.186898+00:00
[2023-05-12T16:23:55.207+0000] {processor.py:175} INFO - Processing /opt/airflow/dags/pipeline.py took 0.526 seconds
[2023-05-12T16:24:25.504+0000] {processor.py:153} INFO - Started process (PID=302) to work on /opt/airflow/dags/pipeline.py
[2023-05-12T16:24:25.506+0000] {processor.py:743} INFO - Processing file /opt/airflow/dags/pipeline.py for tasks to queue
[2023-05-12T16:24:25.508+0000] {logging_mixin.py:137} INFO - [2023-05-12T16:24:25.508+0000] {dagbag.py:532} INFO - Filling up the DagBag from /opt/airflow/dags/pipeline.py
[2023-05-12T16:24:25.776+0000] {processor.py:753} INFO - DAG(s) dict_keys(['flickr_pipeline']) retrieved from /opt/airflow/dags/pipeline.py
[2023-05-12T16:24:25.809+0000] {logging_mixin.py:137} INFO - [2023-05-12T16:24:25.807+0000] {dag.py:2705} INFO - Sync 1 DAGs
[2023-05-12T16:24:25.947+0000] {logging_mixin.py:137} INFO - [2023-05-12T16:24:25.947+0000] {dag.py:3456} INFO - Setting next_dagrun for flickr_pipeline to 2023-04-28T16:24:25.947109+00:00, run_after=2023-05-12T16:24:25.947109+00:00
[2023-05-12T16:24:25.963+0000] {processor.py:175} INFO - Processing /opt/airflow/dags/pipeline.py took 0.465 seconds
[2023-05-12T16:24:56.318+0000] {processor.py:153} INFO - Started process (PID=327) to work on /opt/airflow/dags/pipeline.py
[2023-05-12T16:24:56.320+0000] {processor.py:743} INFO - Processing file /opt/airflow/dags/pipeline.py for tasks to queue
[2023-05-12T16:24:56.322+0000] {logging_mixin.py:137} INFO - [2023-05-12T16:24:56.322+0000] {dagbag.py:532} INFO - Filling up the DagBag from /opt/airflow/dags/pipeline.py
[2023-05-12T16:24:56.565+0000] {processor.py:753} INFO - DAG(s) dict_keys(['flickr_pipeline']) retrieved from /opt/airflow/dags/pipeline.py
[2023-05-12T16:24:56.707+0000] {logging_mixin.py:137} INFO - [2023-05-12T16:24:56.707+0000] {dag.py:2705} INFO - Sync 1 DAGs
[2023-05-12T16:24:56.729+0000] {logging_mixin.py:137} INFO - [2023-05-12T16:24:56.729+0000] {dag.py:3456} INFO - Setting next_dagrun for flickr_pipeline to 2023-04-28T16:24:56.729262+00:00, run_after=2023-05-12T16:24:56.729262+00:00
[2023-05-12T16:24:56.745+0000] {processor.py:175} INFO - Processing /opt/airflow/dags/pipeline.py took 0.432 seconds
[2023-05-12T16:25:27.035+0000] {processor.py:153} INFO - Started process (PID=351) to work on /opt/airflow/dags/pipeline.py
[2023-05-12T16:25:27.041+0000] {processor.py:743} INFO - Processing file /opt/airflow/dags/pipeline.py for tasks to queue
[2023-05-12T16:25:27.045+0000] {logging_mixin.py:137} INFO - [2023-05-12T16:25:27.044+0000] {dagbag.py:532} INFO - Filling up the DagBag from /opt/airflow/dags/pipeline.py
[2023-05-12T16:25:27.913+0000] {processor.py:753} INFO - DAG(s) dict_keys(['flickr_pipeline']) retrieved from /opt/airflow/dags/pipeline.py
[2023-05-12T16:25:27.967+0000] {logging_mixin.py:137} INFO - [2023-05-12T16:25:27.967+0000] {dag.py:2705} INFO - Sync 1 DAGs
[2023-05-12T16:25:28.028+0000] {logging_mixin.py:137} INFO - [2023-05-12T16:25:28.028+0000] {dag.py:3456} INFO - Setting next_dagrun for flickr_pipeline to 2023-04-28T16:25:28.027872+00:00, run_after=2023-05-12T16:25:28.027872+00:00
[2023-05-12T16:25:28.077+0000] {processor.py:175} INFO - Processing /opt/airflow/dags/pipeline.py took 1.060 seconds
[2023-05-12T16:25:58.434+0000] {processor.py:153} INFO - Started process (PID=377) to work on /opt/airflow/dags/pipeline.py
[2023-05-12T16:25:58.437+0000] {processor.py:743} INFO - Processing file /opt/airflow/dags/pipeline.py for tasks to queue
[2023-05-12T16:25:58.439+0000] {logging_mixin.py:137} INFO - [2023-05-12T16:25:58.439+0000] {dagbag.py:532} INFO - Filling up the DagBag from /opt/airflow/dags/pipeline.py
[2023-05-12T16:25:58.827+0000] {processor.py:753} INFO - DAG(s) dict_keys(['flickr_pipeline']) retrieved from /opt/airflow/dags/pipeline.py
[2023-05-12T16:25:58.863+0000] {logging_mixin.py:137} INFO - [2023-05-12T16:25:58.863+0000] {dag.py:2705} INFO - Sync 1 DAGs
[2023-05-12T16:25:58.892+0000] {logging_mixin.py:137} INFO - [2023-05-12T16:25:58.891+0000] {dag.py:3456} INFO - Setting next_dagrun for flickr_pipeline to 2023-04-28T16:25:58.891485+00:00, run_after=2023-05-12T16:25:58.891485+00:00
[2023-05-12T16:25:58.916+0000] {processor.py:175} INFO - Processing /opt/airflow/dags/pipeline.py took 0.487 seconds
[2023-05-12T16:26:29.317+0000] {processor.py:153} INFO - Started process (PID=403) to work on /opt/airflow/dags/pipeline.py
[2023-05-12T16:26:29.320+0000] {processor.py:743} INFO - Processing file /opt/airflow/dags/pipeline.py for tasks to queue
[2023-05-12T16:26:29.322+0000] {logging_mixin.py:137} INFO - [2023-05-12T16:26:29.322+0000] {dagbag.py:532} INFO - Filling up the DagBag from /opt/airflow/dags/pipeline.py
[2023-05-12T16:26:29.672+0000] {processor.py:753} INFO - DAG(s) dict_keys(['flickr_pipeline']) retrieved from /opt/airflow/dags/pipeline.py
[2023-05-12T16:26:29.696+0000] {logging_mixin.py:137} INFO - [2023-05-12T16:26:29.696+0000] {dag.py:2705} INFO - Sync 1 DAGs
[2023-05-12T16:26:29.719+0000] {logging_mixin.py:137} INFO - [2023-05-12T16:26:29.719+0000] {dag.py:3456} INFO - Setting next_dagrun for flickr_pipeline to 2023-04-28T16:26:29.719310+00:00, run_after=2023-05-12T16:26:29.719310+00:00
[2023-05-12T16:26:29.735+0000] {processor.py:175} INFO - Processing /opt/airflow/dags/pipeline.py took 0.425 seconds
[2023-05-12T16:27:00.316+0000] {processor.py:153} INFO - Started process (PID=428) to work on /opt/airflow/dags/pipeline.py
[2023-05-12T16:27:00.320+0000] {processor.py:743} INFO - Processing file /opt/airflow/dags/pipeline.py for tasks to queue
[2023-05-12T16:27:00.321+0000] {logging_mixin.py:137} INFO - [2023-05-12T16:27:00.321+0000] {dagbag.py:532} INFO - Filling up the DagBag from /opt/airflow/dags/pipeline.py
[2023-05-12T16:27:00.676+0000] {processor.py:753} INFO - DAG(s) dict_keys(['flickr_pipeline']) retrieved from /opt/airflow/dags/pipeline.py
[2023-05-12T16:27:00.700+0000] {logging_mixin.py:137} INFO - [2023-05-12T16:27:00.699+0000] {dag.py:2705} INFO - Sync 1 DAGs
[2023-05-12T16:27:00.722+0000] {logging_mixin.py:137} INFO - [2023-05-12T16:27:00.722+0000] {dag.py:3456} INFO - Setting next_dagrun for flickr_pipeline to 2023-04-28T16:27:00.722283+00:00, run_after=2023-05-12T16:27:00.722283+00:00
[2023-05-12T16:27:00.741+0000] {processor.py:175} INFO - Processing /opt/airflow/dags/pipeline.py took 0.432 seconds
[2023-05-12T16:27:30.896+0000] {processor.py:153} INFO - Started process (PID=453) to work on /opt/airflow/dags/pipeline.py
[2023-05-12T16:27:30.899+0000] {processor.py:743} INFO - Processing file /opt/airflow/dags/pipeline.py for tasks to queue
[2023-05-12T16:27:30.904+0000] {logging_mixin.py:137} INFO - [2023-05-12T16:27:30.903+0000] {dagbag.py:532} INFO - Filling up the DagBag from /opt/airflow/dags/pipeline.py
[2023-05-12T16:27:31.803+0000] {processor.py:753} INFO - DAG(s) dict_keys(['flickr_pipeline']) retrieved from /opt/airflow/dags/pipeline.py
[2023-05-12T16:27:31.862+0000] {logging_mixin.py:137} INFO - [2023-05-12T16:27:31.861+0000] {dag.py:2705} INFO - Sync 1 DAGs
[2023-05-12T16:27:31.912+0000] {logging_mixin.py:137} INFO - [2023-05-12T16:27:31.912+0000] {dag.py:3456} INFO - Setting next_dagrun for flickr_pipeline to 2023-04-28T16:27:31.912416+00:00, run_after=2023-05-12T16:27:31.912416+00:00
[2023-05-12T16:27:31.969+0000] {processor.py:175} INFO - Processing /opt/airflow/dags/pipeline.py took 1.079 seconds
[2023-05-12T16:28:02.444+0000] {processor.py:153} INFO - Started process (PID=484) to work on /opt/airflow/dags/pipeline.py
[2023-05-12T16:28:02.447+0000] {processor.py:743} INFO - Processing file /opt/airflow/dags/pipeline.py for tasks to queue
[2023-05-12T16:28:02.449+0000] {logging_mixin.py:137} INFO - [2023-05-12T16:28:02.449+0000] {dagbag.py:532} INFO - Filling up the DagBag from /opt/airflow/dags/pipeline.py
[2023-05-12T16:28:02.769+0000] {processor.py:753} INFO - DAG(s) dict_keys(['flickr_pipeline']) retrieved from /opt/airflow/dags/pipeline.py
[2023-05-12T16:28:03.005+0000] {logging_mixin.py:137} INFO - [2023-05-12T16:28:03.004+0000] {dag.py:2705} INFO - Sync 1 DAGs
[2023-05-12T16:28:03.026+0000] {logging_mixin.py:137} INFO - [2023-05-12T16:28:03.026+0000] {dag.py:3456} INFO - Setting next_dagrun for flickr_pipeline to 2023-05-12T16:27:31.912416+00:00, run_after=2023-05-26T16:27:31.912416+00:00
[2023-05-12T16:28:03.042+0000] {processor.py:175} INFO - Processing /opt/airflow/dags/pipeline.py took 0.604 seconds
[2023-05-12T16:28:34.263+0000] {processor.py:153} INFO - Started process (PID=524) to work on /opt/airflow/dags/pipeline.py
[2023-05-12T16:28:34.265+0000] {processor.py:743} INFO - Processing file /opt/airflow/dags/pipeline.py for tasks to queue
[2023-05-12T16:28:34.267+0000] {logging_mixin.py:137} INFO - [2023-05-12T16:28:34.267+0000] {dagbag.py:532} INFO - Filling up the DagBag from /opt/airflow/dags/pipeline.py
[2023-05-12T16:28:34.622+0000] {processor.py:753} INFO - DAG(s) dict_keys(['flickr_pipeline']) retrieved from /opt/airflow/dags/pipeline.py
[2023-05-12T16:28:34.648+0000] {logging_mixin.py:137} INFO - [2023-05-12T16:28:34.647+0000] {dag.py:2705} INFO - Sync 1 DAGs
[2023-05-12T16:28:34.671+0000] {logging_mixin.py:137} INFO - [2023-05-12T16:28:34.671+0000] {dag.py:3456} INFO - Setting next_dagrun for flickr_pipeline to 2023-05-12T16:27:31.912416+00:00, run_after=2023-05-26T16:27:31.912416+00:00
[2023-05-12T16:28:34.689+0000] {processor.py:175} INFO - Processing /opt/airflow/dags/pipeline.py took 0.430 seconds
[2023-05-12T16:29:05.117+0000] {processor.py:153} INFO - Started process (PID=549) to work on /opt/airflow/dags/pipeline.py
[2023-05-12T16:29:05.119+0000] {processor.py:743} INFO - Processing file /opt/airflow/dags/pipeline.py for tasks to queue
[2023-05-12T16:29:05.121+0000] {logging_mixin.py:137} INFO - [2023-05-12T16:29:05.121+0000] {dagbag.py:532} INFO - Filling up the DagBag from /opt/airflow/dags/pipeline.py
[2023-05-12T16:29:05.471+0000] {processor.py:753} INFO - DAG(s) dict_keys(['flickr_pipeline']) retrieved from /opt/airflow/dags/pipeline.py
[2023-05-12T16:29:05.494+0000] {logging_mixin.py:137} INFO - [2023-05-12T16:29:05.494+0000] {dag.py:2705} INFO - Sync 1 DAGs
[2023-05-12T16:29:05.515+0000] {logging_mixin.py:137} INFO - [2023-05-12T16:29:05.515+0000] {dag.py:3456} INFO - Setting next_dagrun for flickr_pipeline to 2023-05-12T16:27:31.912416+00:00, run_after=2023-05-26T16:27:31.912416+00:00
[2023-05-12T16:29:05.530+0000] {processor.py:175} INFO - Processing /opt/airflow/dags/pipeline.py took 0.417 seconds
[2023-05-12T16:29:36.223+0000] {processor.py:153} INFO - Started process (PID=573) to work on /opt/airflow/dags/pipeline.py
[2023-05-12T16:29:36.229+0000] {processor.py:743} INFO - Processing file /opt/airflow/dags/pipeline.py for tasks to queue
[2023-05-12T16:29:36.242+0000] {logging_mixin.py:137} INFO - [2023-05-12T16:29:36.241+0000] {dagbag.py:532} INFO - Filling up the DagBag from /opt/airflow/dags/pipeline.py
[2023-05-12T16:29:36.976+0000] {processor.py:753} INFO - DAG(s) dict_keys(['flickr_pipeline']) retrieved from /opt/airflow/dags/pipeline.py
[2023-05-12T16:29:37.033+0000] {logging_mixin.py:137} INFO - [2023-05-12T16:29:37.032+0000] {dag.py:2705} INFO - Sync 1 DAGs
[2023-05-12T16:29:37.082+0000] {logging_mixin.py:137} INFO - [2023-05-12T16:29:37.082+0000] {dag.py:3456} INFO - Setting next_dagrun for flickr_pipeline to 2023-05-12T16:27:31.912416+00:00, run_after=2023-05-26T16:27:31.912416+00:00
[2023-05-12T16:29:37.112+0000] {processor.py:175} INFO - Processing /opt/airflow/dags/pipeline.py took 0.899 seconds
