[2023-04-14T17:22:07.668+0000] {taskinstance.py:1090} INFO - Dependencies all met for dep_context=non-requeueable deps ti=<TaskInstance: dataset_consumes_1.consuming_1 manual__2023-04-14T17:22:06.697989+00:00 [queued]>
[2023-04-14T17:22:07.674+0000] {taskinstance.py:1090} INFO - Dependencies all met for dep_context=requeueable deps ti=<TaskInstance: dataset_consumes_1.consuming_1 manual__2023-04-14T17:22:06.697989+00:00 [queued]>
[2023-04-14T17:22:07.675+0000] {taskinstance.py:1288} INFO - 
--------------------------------------------------------------------------------
[2023-04-14T17:22:07.675+0000] {taskinstance.py:1289} INFO - Starting attempt 1 of 1
[2023-04-14T17:22:07.676+0000] {taskinstance.py:1290} INFO - 
--------------------------------------------------------------------------------
[2023-04-14T17:22:07.686+0000] {taskinstance.py:1309} INFO - Executing <Task(BashOperator): consuming_1> on 2023-04-14 17:22:06.697989+00:00
[2023-04-14T17:22:07.691+0000] {standard_task_runner.py:55} INFO - Started process 1033 to run task
[2023-04-14T17:22:07.695+0000] {standard_task_runner.py:82} INFO - Running: ['***', 'tasks', 'run', 'dataset_consumes_1', 'consuming_1', 'manual__2023-04-14T17:22:06.697989+00:00', '--job-id', '5', '--raw', '--subdir', '/home/***/.local/lib/python3.7/site-packages/***/example_dags/example_datasets.py', '--cfg-path', '/tmp/tmpm97o4ya9']
[2023-04-14T17:22:07.698+0000] {standard_task_runner.py:83} INFO - Job 5: Subtask consuming_1
[2023-04-14T17:22:07.759+0000] {task_command.py:389} INFO - Running <TaskInstance: dataset_consumes_1.consuming_1 manual__2023-04-14T17:22:06.697989+00:00 [running]> on host d95968e291b0
[2023-04-14T17:22:07.811+0000] {taskinstance.py:1518} INFO - Exporting the following env vars:
AIRFLOW_CTX_DAG_OWNER=***
AIRFLOW_CTX_DAG_ID=dataset_consumes_1
AIRFLOW_CTX_TASK_ID=consuming_1
AIRFLOW_CTX_EXECUTION_DATE=2023-04-14T17:22:06.697989+00:00
AIRFLOW_CTX_TRY_NUMBER=1
AIRFLOW_CTX_DAG_RUN_ID=manual__2023-04-14T17:22:06.697989+00:00
[2023-04-14T17:22:07.814+0000] {subprocess.py:63} INFO - Tmp dir root location: 
 /tmp
[2023-04-14T17:22:07.815+0000] {subprocess.py:75} INFO - Running command: ['/bin/bash', '-c', 'sleep 5']
[2023-04-14T17:22:07.825+0000] {subprocess.py:86} INFO - Output:
[2023-04-14T17:22:12.829+0000] {subprocess.py:97} INFO - Command exited with return code 0
[2023-04-14T17:22:12.849+0000] {logging_mixin.py:137} WARNING - /home/***/.local/lib/python3.7/site-packages/***/models/baseoperator.py:1376 RemovedInAirflow3Warning: Passing 'execution_date' to 'TaskInstance.xcom_push()' is deprecated.
[2023-04-14T17:22:12.870+0000] {taskinstance.py:1332} INFO - Marking task as SUCCESS. dag_id=dataset_consumes_1, task_id=consuming_1, execution_date=20230414T172206, start_date=20230414T172207, end_date=20230414T172212
[2023-04-14T17:22:12.900+0000] {local_task_job.py:212} INFO - Task exited with return code 0
[2023-04-14T17:22:12.914+0000] {taskinstance.py:2596} INFO - 0 downstream tasks scheduled from follow-on schedule check
